Report       : Compact control micro program
Date         : 03-27-2020
Time         : 20:09:00

Compiler     : BASCOM-AVR LIBRARY V 2.0.7.8
Processor    : M128
SRAM         : 1000 hex
EEPROM       : 1000 hex
ROMSIZE      : 20000 hex

ROMIMAGE     : 425E hex  -> Will fit into ROM
ROMIMAGE     :  16990 dec
FLASH USED   :  12  %
BAUD         : 19200 Baud
XTAL         : 11059200 Hz
BAUD error   : 0.%

Stack start  : 10FF hex
Stack size   : 40 hex
S-Stacksize  : 80 hex
S-Stackstart : 10C0 hex
Framesize    : 120 hex
Framestart   : F20 hex
Space left   :  2960  dec

LCD DB7      : PORTB.7
LCD DB6      : PORTB.6
LCD DB5      : PORTB.5
LCD DB4      : PORTB.4
LCD E        : PORTB.3
LCD RS       : PORTB.2
LCD mode     :  4  bit

--------------------------------------------------------------------------------
Variable                         Type            Address(hex)   Address(dec)
--------------------------------------------------------------------------------
UBRR1                            Word              0099          153 
TCNT3                            Word              0088          136 
OCR3A                            Word              0086          134 
PWM3A                            Word              0086          134 
OCR3B                            Word              0084          132 
PWM3B                            Word              0084          132 
OCR3C                            Word              0082          130 
PWM3C                            Word              0082          130 
ICR3                             Word              0080          128 
OCR1C                            Word              0078          120 
SP                               Word              005D          93 
TCNT1                            Word              004C          76 
OCR1A                            Word              004A          74 
PWM1A                            Word              004A          74 
OCR1B                            Word              0048          72 
PWM1B                            Word              0048          72 
ICR1                             Word              0046          70 
EEAR                             Word              003E          62 
ADC                              Word              0024          36 
TIMER3                           Word              0088          136 
COMPARE3A                        Word              0086          134 
PWM3A                            Word              0086          134 
COMPARE3B                        Word              0084          132 
PWM3B                            Word              0084          132 
COMPARE3C                        Word              0082          130 
PWM3C                            Word              0082          130 
CAPTURE3                         Word              0080          128 
COMPARE1C                        Word              0078          120 
TIMER1                           Word              004C          76 
COMPARE1A                        Word              004A          74 
COMPARE1B                        Word              0048          72 
CAPTURE1                         Word              0046          70 
HWSTACK                          Word              005D          93 
SWSTACK                          Word              001C          28 
FRAME                            Word              0004          4 
R0                                                 0000          0 
R1                                                 0001          1 
R2                                                 0002          2 
R3                                                 0003          3 
R4                                                 0004          4 
R5                                                 0005          5 
R6                                                 0006          6 
R7                                                 0007          7 
R8                                                 0008          8 
R9                                                 0009          9 
R10                                                000A          10 
R11                                                000B          11 
R12                                                000C          12 
R13                                                000D          13 
R14                                                000E          14 
R15                                                000F          15 
R16                                                0010          16 
R17                                                0011          17 
R18                                                0012          18 
R19                                                0013          19 
R20                                                0014          20 
R21                                                0015          21 
R22                                                0016          22 
R23                                                0017          23 
R24                                                0018          24 
R25                                                0019          25 
R26                                                001A          26 
R27                                                001B          27 
R28                                                001C          28 
R29                                                001D          29 
R30                                                001E          30 
R31                                                001F          31 
ADCD                             Word              0024          36 
COUNTER1                         Word              004C          76 
TIMER1                           Word              004C          76 
CAPTURE1                         Word              0046          70 
CAPTURE3                         Word              0080          128 
COMPARE1A                        Word              004A          74 
PWM1A                            Word              004A          74 
COMPARE1                         Word              004A          74 
PWM1B                            Word              0048          72 
COMPARE1B                        Word              0048          72 
PWM1C                            Word              0078          120 
COMPARE1C                        Word              0078          120 
COUNTER3                         Word              0088          136 
TIMER3                           Word              0088          136 
COMPARE3A                        Word              0086          134 
PWM3A                            Word              0086          134 
COMPARE3                         Word              0086          134 
PWM3B                            Word              0084          132 
COMPARE3B                        Word              0084          132 
PWM3C                            Word              0082          130 
COMPARE3C                        Word              0082          130 
PWM0                             Byte              0051          81 
ERR                              Bit [2]           0006          6 
X                                Byte              0101          257 
Y                                Byte              0102          258 
I                                Byte              0103          259 
J                                Byte              0104          260 
K                                Byte              0105          261 
S                                String * 1        0106          262 
S1                               String * 50       0108          264 
S2                               String * 15       013B          315 
A                                Word              014B          331 
B                                Word(20)          014D          333 
C                                Long              0175          373 
D                                String(2) * 50    0179          377 
G                                String(6) * 10    01DF          479 
H                                Byte(10)          0221          545 
M                                Long              022B          555 
O                                Long              022F          559 
P                                Long              0233          563 
E                                Single            0237          567 
F                                Long              023B          571 
Z                                Integer           023F          575 
ADCHECK                          Word              0241          577 
SUM                              Long              0243          579 
SUM_TEMP                         Long              0247          583 
CHCKSUM                          Byte              024B          587 
SOK                              Bit [7]           024C          588 
INITZ                            Byte              024D          589 
T0_P                             Byte              024E          590 
T1_P                             Byte              024F          591 
T2_P                             Byte              0250          592 
T0_DEF                           Byte              0251          593 
T1_DEF                           Byte              0252          594 
T2_DEF                           Byte              0253          595 
IS_DIAG                          Byte              0254          596 
IS_SERVICE                       Byte              0255          597 
ADC_RD                           Word(11)          0256          598 
X1_CO                            Long              026C          620 
X2_CO                            Long              0270          624 
Y1_CO                            Long              0274          628 
Y2_CO                            Long              0278          632 
GANT_SET                         Long              027C          636 
GANT_SET_TEMP                    Long              0280          640 
COLLIM_SET                       Long              0284          644 
COLLIM_SET_TEMP                  Long              0288          648 
X1_SET                           Long              028C          652 
X1_SET_TEMP                      Long              0290          656 
X2_SET                           Long              0294          660 
X2_SET_TEMP                      Long              0298          664 
Y1_SET                           Long              029C          668 
Y1_SET_TEMP                      Long              02A0          672 
Y2_SET                           Long              02A4          676 
Y2_SET_TEMP                      Long              02A8          680 
X1_TOL                           Long              02AC          684 
X1_TOL0                          Long              02B0          688 
X1_TOL1                          Long              02B4          692 
X1_TOL2                          Long              02B8          696 
X2_TOL                           Long              02BC          700 
X2_TOL0                          Long              02C0          704 
X2_TOL1                          Long              02C4          708 
X2_TOL2                          Long              02C8          712 
Y1_TOL                           Long              02CC          716 
Y1_TOL0                          Long              02D0          720 
Y1_TOL1                          Long              02D4          724 
Y1_TOL2                          Long              02D8          728 
Y2_TOL                           Long              02DC          732 
Y2_TOL0                          Long              02E0          736 
Y2_TOL1                          Long              02E4          740 
Y2_TOL2                          Long              02E8          744 
X1_V                             Byte              02EC          748 
X1_V1                            Byte              02ED          749 
X1_V2                            Byte              02EE          750 
X1_V3                            Byte              02EF          751 
X2_V                             Byte              02F0          752 
X2_V1                            Byte              02F1          753 
X2_V2                            Byte              02F2          754 
X2_V3                            Byte              02F3          755 
Y1_V                             Byte              02F4          756 
Y1_V1                            Byte              02F5          757 
Y1_V2                            Byte              02F6          758 
Y1_V3                            Byte              02F7          759 
Y2_V                             Byte              02F8          760 
Y2_V1                            Byte              02F9          761 
Y2_V2                            Byte              02FA          762 
Y2_V3                            Byte              02FB          763 
GANT_CO                          Word              02FC          764 
GANT_F1                          Word              02FE          766 
GANT_F2                          Word              0300          768 
GANT_COFIN                       Long              0302          770 
COLLIM_CO                        Word              0306          774 
COLLIM_F1                        Word              0308          776 
COLLIM_F2                        Word              030A          778 
COLLIM_COFIN                     Long              030C          780 
GANT_ZPNT                        Word              0310          784 
GANT_LENGTH                      Long              0312          786 
GANT_FINE_LENGTH                 Word              0316          790 
GANT_GAIN                        Long              0318          792 
GANT_OFFSET                      Long              031C          796 
COLLIM_ZPNT                      Word              0320          800 
COLLIM_LENGTH                    Long              0322          802 
COLLIM_FINE_LENGTH               Word              0326          806 
COLLIM_GAIN                      Long              0328          808 
COLLIM_OFFSET                    Long              032C          812 
GANT                             Long              0330          816 
GANT_TOL                         Long              0334          820 
GANT_TOL0                        Long              0338          824 
GANT_TOL1                        Long              033C          828 
GANT_TOL2                        Long              0340          832 
COLLIM                           Long              0344          836 
COLLIM_TOL                       Long              0348          840 
COLLIM_TOL0                      Long              034C          844 
COLLIM_TOL1                      Long              0350          848 
COLLIM_TOL2                      Long              0354          852 
GANT_SIN                         Single            0358          856 
COLLIM_SIN                       Single            035C          860 
COLLIM_COS                       Single            0360          864 
GANT_ANGLE                       Single            0364          868 
COLLIM_ANGLE                     Single            0368          872 
X_GRAVITY_COMP                   Single            036C          876 
Y_GRAVITY_COMP                   Single            0370          880 
GRAVITY_UP                       Byte              0374          884 
GRAVITY_DOWN                     Byte              0375          885 
GANT_UPPER_LIMIT                 Word              0376          886 
COLLIM_UPPER_LIMIT               Word              0378          888 
GANT_V                           Byte              037A          890 
GANT_V1                          Byte              037B          891 
GANT_V2                          Byte              037C          892 
GANT_V3                          Byte              037D          893 
COLLIM_V                         Byte              037E          894 
COLLIM_V1                        Byte              037F          895 
COLLIM_V2                        Byte              0380          896 
COLLIM_V3                        Byte              0381          897 
COUNT                            Byte              0382          898 
R_COUNTER                        Long              0383          899 
P_COUNTER                        Long              0387          903 
S_COUNTER                        Long              038B          907 

--------------------------------------------------------------------------------
Constant                         Value
--------------------------------------------------------------------------------
UCSR1C                           &H9D
UDR1                             &H9C
UCSR1A                           &H9B
USR1                             &H9B
UCSR1B                           &H9A
UBRR1L                           &H99
UBRR1H                           &H98
UBRR1                            &H99
UCSR0C                           &H95
UCSRC                            &H95
UBRR0H                           &H90
UBRRHI                           &H90
TCCR3C                           &H8C
TCCR3A                           &H8B
TCCR3B                           &H8A
TCNT3H                           &H89
TCNT3L                           &H88
OCR3AH                           &H87
OCR3AL                           &H86
OCR3BH                           &H85
OCR3BL                           &H84
OCR3CH                           &H83
OCR3CL                           &H82
ICR3H                            &H81
ICR3L                            &H80
ETIMSK                           &H7D
ETIFR                            &H7C
TCCR1C                           &H7A
OCR1CH                           &H79
OCR1CL                           &H78
TWCR                             &H74
TWDR                             &H73
TWAR                             &H72
TWSR                             &H71
TWBR                             &H70
OSCCAL                           &H6F
XMCRA                            &H6D
XMCRB                            &H6C
EICRA                            &H6A
SPMCSR                           &H68
SPMCR                            &H68
PORTG                            &H65
DDRG                             &H64
PING                             &H63
PORTF                            &H62
DDRF                             &H61
SREG                             &H3F
SPH                              &H3E
SPL                              &H3D
XDIV                             &H3C
RAMPZ                            &H3B
EICRB                            &H3A
EIMSK                            &H39
GIMSK                            &H39
GICR                             &H39
EIFR                             &H38
GIFR                             &H38
TIMSK                            &H37
TIFR                             &H36
TIFR1                            &H36
MCUCR                            &H35
MCUCSR                           &H34
MCUSR                            &H34
TCCR0                            &H33
TCNT0                            &H32
COUNTER0                         &H32
TIMER0                           &H32
OCR0                             &H31
PWM0                             &H31
COMPARE0                         &H31
ASSR                             &H30
TCCR1A                           &H2F
TCCR1B                           &H2E
TCNT1H                           &H2D
TCNT1L                           &H2C
OCR1AH                           &H2B
OCR1AL                           &H2A
OCR1BH                           &H29
OCR1BL                           &H28
ICR1H                            &H27
ICR1L                            &H26
TCCR2                            &H25
TCNT2                            &H24
TIMER2                           &H24
COUNTER2                         &H24
OCR2                             &H23
PWM2                             &H23
COMPARE2                         &H23
OCDR                             &H22
WDTCR                            &H21
SFIOR                            &H20
EEARH                            &H1F
EEARL                            &H1E
EEDR                             &H1D
EECR                             &H1C
PORTA                            &H1B
DDRA                             &H1A
PINA                             &H19
PORTB                            &H18
DDRB                             &H17
PINB                             &H16
PORTC                            &H15
DDRC                             &H14
PINC                             &H13
PORTD                            &H12
DDRD                             &H11
PIND                             &H10
SPDR                             &H0F
SPSR                             &H0E
SPCR                             &H0D
UDR                              &H0C
UCSR0A                           &H0B
USR                              &H0B
UCSR0B                           &H0A
UCR                              &H0A
UBRR0L                           &H09
UBRR                             &H09
ACSR                             &H08
ADMUX                            &H07
ADCSR                            &H06
ADCSRA                           &H06
ADCH                             &H05
ADCL                             &H04
PORTE                            &H03
DDRE                             &H02
PINE                             &H01
PINF                             &H00
SRE                              7
SRW10                            6
SE                               5
SM1                              4
SM0                              3
SM2                              2
VSEL                             1
IVCE                             0
JTD                              7
JTRF                             4
WDRF                             3
BORF                             2
EXTRF                            1
PORF                             0
SRL2                             6
SRL1                             5
SRL0                             4
SRW01                            3
SRW00                            2
SRW11                            1
XMBK                             7
XMM2                             2
XMM1                             1
XMM0                             0
SPMIE                            7
ASB                              6
ASRE                             4
RWWSB                            6
RWWSRE                           4
BLBSET                           3
PGWRT                            2
PGERS                            1
SPMEN                            0
IDRD                             7
OCDR6                            6
OCDR5                            5
OCDR4                            4
OCDR3                            3
OCDR2                            2
OCDR1                            1
OCDR0                            0
XDIVEN                           7
XDIV6                            6
XDIV5                            5
XDIV4                            4
XDIV3                            3
XDIV2                            2
XDIV1                            1
XDIV0                            0
TSM                              7
ADHSM                            4
ACME                             3
PUD                              2
PSR0                             1
PSR1                             0
PSR2                             0
PSR3                             0
PSR321                           0
ADEN                             7
ADSC                             6
ADFR                             5
ADIF                             4
ADIE                             3
ADPS2                            2
ADPS1                            1
ADPS0                            0
REFS1                            7
REFS0                            6
ADLAR                            5
MUX4                             4
MUX3                             3
MUX2                             2
MUX1                             1
MUX0                             0
ACD                              7
ACBG                             6
ACO                              5
ACI                              4
ACIE                             3
ACIC                             2
ACIS1                            1
ACIS0                            0
INT7                             7
INT6                             6
INT5                             5
INT4                             4
INT3                             3
INT2                             2
INT1                             1
INT0                             0
INTF7                            7
INTF6                            6
INTF5                            5
INTF4                            4
INTF3                            3
INTF2                            2
INTF1                            1
INTF0                            0
ISC71                            7
ISC70                            6
ISC61                            5
ISC60                            4
ISC51                            3
ISC50                            2
ISC41                            1
ISC40                            0
ISC31                            7
ISC30                            6
ISC21                            5
ISC20                            4
ISC11                            3
ISC10                            2
ISC01                            1
ISC00                            0
OCIE2                            7
TOIE2                            6
TICIE1                           5
OCIE1A                           4
OCIE1B                           3
TOIE1                            2
OCIE0                            1
OCIE0A                           1
TOIE0                            0
TICIE3                           5
OCIE3A                           4
OCIE3B                           3
TOIE3                            2
OCIE3C                           1
OCIE1C                           0
OCF2                             7
TOV2                             6
ICF1                             5
OCF1A                            4
OCF1B                            3
TOV1                             2
OCF0                             1
TOV0                             0
ICF3                             5
OCF3A                            4
OCF3B                            3
TOV3                             2
OCF3C                            1
OCF1C                            0
AS2                              3
AS0                              3
TCN0UB                           2
OCR0UB                           1
TCR0UB                           0
FOC0                             7
WGM00                            6
COM01                            5
COM00                            4
WGM01                            3
CS02                             2
CS01                             1
CS00                             0
COM1A1                           7
COM1A0                           6
COM1B1                           5
COM1B0                           4
COM1C1                           3
COM1C0                           2
PWM11                            1
PWM10                            0
WGM11                            1
WGM10                            0
ICNC1                            7
ICES1                            6
CTC11                            4
CTC10                            3
WGM13                            4
WGM12                            3
CS12                             2
CS11                             1
CS10                             0
FOC1A                            7
FOC1B                            6
FOC1C                            5
FOC2                             7
WGM20                            6
COM21                            5
COM20                            4
WGM21                            3
CS22                             2
CS21                             1
CS20                             0
COM3A1                           7
COM3A0                           6
COM3B1                           5
COM3B0                           4
COM3C1                           3
COM3C0                           2
PWM31                            1
PWM30                            0
WGM31                            1
WGM30                            0
ICNC3                            7
ICES3                            6
CTC31                            4
CTC30                            3
WGM33                            4
WGM32                            3
CS32                             2
CS31                             1
CS30                             0
FOC3A                            7
FOC3B                            6
FOC3C                            5
WDCE                             4
WDTOE                            4
WDE                              3
WDP2                             2
WDP1                             1
WDP0                             0
EERIE                            3
EEMWE                            2
EEWE                             1
EERE                             0
RXC                              7
TXC                              6
UDRE                             5
FE                               4
DOR                              3
PE                               2
U2X                              1
MPCM                             0
RXC0                             7
TXC0                             6
UDRE0                            5
FE0                              4
DOR0                             3
UPE0                             2
U2X0                             1
MPCM0                            0
RXC1                             7
TXC1                             6
UDRE1                            5
FE1                              4
OR1                              3
UPE1                             2
U2X1                             1
MPCM1                            0
RXCIE                            7
TXCIE                            6
UDRIE                            5
RXEN                             4
TXEN                             3
UCSZ2                            2
RXB8                             1
TXB8                             0
RXCIE0                           7
TXCIE0                           6
UDRIE0                           5
RXEN0                            4
TXEN0                            3
UCSZ02                           2
RXB80                            1
TXB80                            0
RXCIE1                           7
TXCIE1                           6
UDRIE1                           5
RXEN1                            4
TXEN1                            3
UCSZ12                           2
RXB81                            1
TXB81                            0
UMSEL                            6
UPM1                             5
UPM0                             4
USBS                             3
UCSZ1                            2
UCSZ0                            1
UCPOL                            0
UMSEL0                           6
UPM01                            5
UPM00                            4
USBS0                            3
UCSZ01                           2
UCSZ00                           1
UCPOL0                           0
UMSEL1                           6
UPM11                            5
UPM10                            4
USBS1                            3
UCSZ11                           2
UCSZ10                           1
UCPOL1                           0
SPIE                             7
SPE                              6
DORD                             5
MSTR                             4
CPOL                             3
CPHA                             2
SPR1                             1
SPR0                             0
SPIF                             7
WCOL                             6
SPI2X                            0
TWINT                            7
TWEA                             6
TWSTA                            5
TWSTO                            4
TWWC                             3
TWEN                             2
TWIE                             0
TWS7                             7
TWS6                             6
TWS5                             5
TWS4                             4
TWS3                             3
TWPS1                            1
TWPS0                            0
TWA6                             7
TWA5                             6
TWA4                             5
TWA3                             4
TWA2                             3
TWA1                             2
TWA0                             1
TWGCE                            0
PA7                              7
PA6                              6
PA5                              5
PA4                              4
PA3                              3
PA2                              2
PA1                              1
PA0                              0
PORTA7                           7
PORTA6                           6
PORTA5                           5
PORTA4                           4
PORTA3                           3
PORTA2                           2
PORTA1                           1
PORTA0                           0
DDA7                             7
DDA6                             6
DDA5                             5
DDA4                             4
DDA3                             3
DDA2                             2
DDA1                             1
DDA0                             0
PINA7                            7
PINA6                            6
PINA5                            5
PINA4                            4
PINA3                            3
PINA2                            2
PINA1                            1
PINA0                            0
PB7                              7
PB6                              6
PB5                              5
PB4                              4
PB3                              3
PB2                              2
PB1                              1
PB0                              0
PORTB7                           7
PORTB6                           6
PORTB5                           5
PORTB4                           4
PORTB3                           3
PORTB2                           2
PORTB1                           1
PORTB0                           0
DDB7                             7
DDB6                             6
DDB5                             5
DDB4                             4
DDB3                             3
DDB2                             2
DDB1                             1
DDB0                             0
PINB7                            7
PINB6                            6
PINB5                            5
PINB4                            4
PINB3                            3
PINB2                            2
PINB1                            1
PINB0                            0
PC7                              7
PC6                              6
PC5                              5
PC4                              4
PC3                              3
PC2                              2
PC1                              1
PC0                              0
PORTC7                           7
PORTC6                           6
PORTC5                           5
PORTC4                           4
PORTC3                           3
PORTC2                           2
PORTC1                           1
PORTC0                           0
DDC7                             7
DDC6                             6
DDC5                             5
DDC4                             4
DDC3                             3
DDC2                             2
DDC1                             1
DDC0                             0
PINC7                            7
PINC6                            6
PINC5                            5
PINC4                            4
PINC3                            3
PINC2                            2
PINC1                            1
PINC0                            0
PD7                              7
PD6                              6
PD5                              5
PD4                              4
PD3                              3
PD2                              2
PD1                              1
PD0                              0
PORTD7                           7
PORTD6                           6
PORTD5                           5
PORTD4                           4
PORTD3                           3
PORTD2                           2
PORTD1                           1
PORTD0                           0
DDD7                             7
DDD6                             6
DDD5                             5
DDD4                             4
DDD3                             3
DDD2                             2
DDD1                             1
DDD0                             0
PIND7                            7
PIND6                            6
PIND5                            5
PIND4                            4
PIND3                            3
PIND2                            2
PIND1                            1
PIND0                            0
PE7                              7
PE6                              6
PE5                              5
PE4                              4
PE3                              3
PE2                              2
PE1                              1
PE0                              0
PORTE7                           7
PORTE6                           6
PORTE5                           5
PORTE4                           4
PORTE3                           3
PORTE2                           2
PORTE1                           1
PORTE0                           0
DDE7                             7
DDE6                             6
DDE5                             5
DDE4                             4
DDE3                             3
DDE2                             2
DDE1                             1
DDE0                             0
PINE7                            7
PINE6                            6
PINE5                            5
PINE4                            4
PINE3                            3
PINE2                            2
PINE1                            1
PINE0                            0
PF7                              7
PF6                              6
PF5                              5
PF4                              4
PF3                              3
PF2                              2
PF1                              1
PF0                              0
PORTF7                           7
PORTF6                           6
PORTF5                           5
PORTF4                           4
PORTF3                           3
PORTF2                           2
PORTF1                           1
PORTF0                           0
DDF7                             7
DDF6                             6
DDF5                             5
DDF4                             4
DDF3                             3
DDF2                             2
DDF1                             1
DDF0                             0
PINF7                            7
PINF6                            6
PINF5                            5
PINF4                            4
PINF3                            3
PINF2                            2
PINF1                            1
PINF0                            0
PG4                              4
PG3                              3
PG2                              2
PG1                              1
PG0                              0
DDG4                             4
DDG3                             3
DDG2                             2
DDG1                             1
DDG0                             0
PING4                            4
PING3                            3
PING2                            2
PING1                            1
PING0                            0
_DATE_FORMAT                     0
_DATE_SEPARATOR                  92
_GSTRBUF                         3872
_DECIMALPOINT                    46
_RTSCTS                          0
_RTSCTS1                         0
_RTSCTS3                         0
_RTSCTS4                         0
_RTSCTS5                         0
_RTSCTS6                         0
_RTSCTS7                         0
_RTSCTS8                         0
_CHIP                            20
_RAMSIZE                         4096
_ERAMSIZE                        4096
_SIM                             0
_HUGE                            0
_BASE                            1
_XTAL                            11059200
_BUILD                           20781
_COMPILER                        90
_HWMUL                           1
_ROMSIZE                         131072
_DOSFILEWRITE                    0
_DOSDIRWRITE                     0
_1WEXT                           0
_ADC_REFMODEL                    0
_UARTS                           2
_HWSTACKSTART                    4351
_TIMEOUT                         0
_PRDWORD                         0
_PBIN_EXTENDED                   0
_BIGSTRINGS                      0
SEROUT_EXTPULL                   1
_FPROTECT                        0
_HWSTACK_LOW                     &H10BF
_SWSTACK_LOW                     &H1040
_FRAME_HIGH                      &H1041
_XMEGA                           0
_SPI_SS                          &H18
_SPI_SSP                         0
GANT_LOWER_LIMIT                 1024
COLLIM_LOWER_LIMIT               1024
SEND_DELAY                       20
CBITINFINITY                     0
CMBITINFINITY                    1
CBITZERO                         1
CMBITZERO                        2
CBITNAN                          2
CMBITNAN                         4
CBITNANIFINF                     3
CMBITNANIFINF                    8
CBITNANIFMINUS                   4
CMBITNANIFMINUS                  16
CBITSIGN                         7
CMBITSIGN                        128
CEXPADDOFFSET                    0
CEXPSUBOFFSET                    12
CEXPMULOFFSET                    24
CEXPDIVOFFSET                    36


--------------------------------------------------------------------------------
Warnings:
--------------------------------------------------------------------------------
UBRR1                            not used
TCNT3                            not used
OCR3A                            not used
PWM3A                            not used
OCR3B                            not used
PWM3B                            not used
OCR3C                            not used
PWM3C                            not used
ICR3                             not used
OCR1C                            not used
SP                               not used
TCNT1                            not used
OCR1A                            not used
OCR1B                            not used
PWM1B                            not used
ICR1                             not used
EEAR                             not used
ADC                              not used
TIMER3                           not used
COMPARE3A                        not used
PWM3A                            not used
COMPARE3B                        not used
PWM3B                            not used
COMPARE3C                        not used
PWM3C                            not used
CAPTURE3                         not used
COMPARE1C                        not used
R0                               not used
R1                               not used
R2                               not used
R3                               not used
R4                               not used
R5                               not used
R6                               not used
R7                               not used
R8                               not used
R9                               not used
R10                              not used
R11                              not used
R12                              not used
R13                              not used
R14                              not used
R15                              not used
R16                              not used
R17                              not used
R18                              not used
R19                              not used
R20                              not used
R21                              not used
R22                              not used
R23                              not used
R24                              not used
R25                              not used
R26                              not used
R27                              not used
R28                              not used
R29                              not used
R30                              not used
R31                              not used
ADCD                             not used
CAPTURE3                         not used
COMPARE1                         not used
PWM1B                            not used
PWM1C                            not used
COMPARE1C                        not used
COUNTER3                         not used
TIMER3                           not used
COMPARE3A                        not used
PWM3A                            not used
COMPARE3                         not used
PWM3B                            not used
COMPARE3B                        not used
PWM3C                            not used
COMPARE3C                        not used
PWM0                             not used
H                                not used
SUM_TEMP                         not used
GANT_SET_TEMP                    not used
COLLIM_SET_TEMP                  not used
X1_SET_TEMP                      not used
X2_SET_TEMP                      not used
Y1_SET_TEMP                      not used
Y2_SET_TEMP                      not used
COUNT                            not used

